17-06-2023 09:53:35.250 INFO tech.icei.web.api.appuno.AppUnoApplication [restartedMain] Starting AppUnoApplication using Java 19.0.2 with PID 7756 (D:\FULLSTACK\2023\SEGUNDO SEMESTRE\DEVOPS\BACKEND\app-uno\app-uno\build\classes\java\main started by Administrador in D:\FULLSTACK\2023\SEGUNDO SEMESTRE\DEVOPS\BACKEND\app-uno\app-uno)
17-06-2023 09:53:35.252 DEBUG tech.icei.web.api.appuno.AppUnoApplication [restartedMain] Running with Spring Boot v3.1.0, Spring v6.0.9
17-06-2023 09:53:35.252 INFO tech.icei.web.api.appuno.AppUnoApplication [restartedMain] No active profile set, falling back to 1 default profile: "default"
17-06-2023 09:53:35.292 INFO org.springframework.boot.devtools.env.DevToolsPropertyDefaultsPostProcessor [restartedMain] Devtools property defaults active! Set 'spring.devtools.add-properties' to 'false' to disable
17-06-2023 09:53:35.292 INFO org.springframework.boot.devtools.env.DevToolsPropertyDefaultsPostProcessor [restartedMain] For additional web related logging consider setting the 'logging.level.web' property to 'DEBUG'
17-06-2023 09:53:35.938 INFO org.springframework.data.repository.config.RepositoryConfigurationDelegate [restartedMain] Bootstrapping Spring Data JPA repositories in DEFAULT mode.
17-06-2023 09:53:35.977 INFO org.springframework.data.repository.config.RepositoryConfigurationDelegate [restartedMain] Finished Spring Data repository scanning in 34 ms. Found 1 JPA repository interfaces.
17-06-2023 09:53:36.465 INFO org.springframework.boot.web.embedded.tomcat.TomcatWebServer [restartedMain] Tomcat initialized with port(s): 9009 (http)
17-06-2023 09:53:36.473 INFO org.apache.catalina.core.StandardService [restartedMain] Starting service [Tomcat]
17-06-2023 09:53:36.473 INFO org.apache.catalina.core.StandardEngine [restartedMain] Starting Servlet engine: [Apache Tomcat/10.1.8]
17-06-2023 09:53:36.519 INFO org.apache.catalina.core.ContainerBase.[Tomcat].[localhost].[/] [restartedMain] Initializing Spring embedded WebApplicationContext
17-06-2023 09:53:36.519 INFO org.springframework.boot.web.servlet.context.ServletWebServerApplicationContext [restartedMain] Root WebApplicationContext: initialization completed in 1227 ms
17-06-2023 09:53:36.929 INFO org.springframework.orm.jpa.persistenceunit.SpringPersistenceUnitInfo [restartedMain] No LoadTimeWeaver setup: ignoring JPA class transformer
17-06-2023 09:53:36.942 INFO com.zaxxer.hikari.HikariDataSource [restartedMain] HikariPool-1 - Starting...
17-06-2023 09:53:37.329 INFO com.zaxxer.hikari.pool.HikariPool [restartedMain] HikariPool-1 - Added connection org.postgresql.jdbc.PgConnection@3f8af4e7
17-06-2023 09:53:37.331 INFO com.zaxxer.hikari.HikariDataSource [restartedMain] HikariPool-1 - Start completed.
17-06-2023 09:53:38.781 INFO org.springframework.orm.jpa.LocalContainerEntityManagerFactoryBean [restartedMain] Initialized JPA EntityManagerFactory for persistence unit 'default'
17-06-2023 09:53:39.077 WARN org.springframework.boot.web.servlet.context.AnnotationConfigServletWebServerApplicationContext [restartedMain] Exception encountered during context initialization - cancelling refresh attempt: org.springframework.beans.factory.BeanCreationException: Error creating bean with name 'jpaAuditingHandler': Cannot create inner bean '(inner bean)#7e0cfd6a' of type [org.springframework.aop.framework.ProxyFactoryBean] while setting bean property 'auditorAware'
17-06-2023 09:53:39.077 INFO org.springframework.orm.jpa.LocalContainerEntityManagerFactoryBean [restartedMain] Closing JPA EntityManagerFactory for persistence unit 'default'
17-06-2023 09:53:39.079 INFO com.zaxxer.hikari.HikariDataSource [restartedMain] HikariPool-1 - Shutdown initiated...
17-06-2023 09:53:39.097 INFO com.zaxxer.hikari.HikariDataSource [restartedMain] HikariPool-1 - Shutdown completed.
17-06-2023 09:53:39.099 INFO org.apache.catalina.core.StandardService [restartedMain] Stopping service [Tomcat]
17-06-2023 09:53:39.112 INFO org.springframework.boot.autoconfigure.logging.ConditionEvaluationReportLogger [restartedMain] 

Error starting ApplicationContext. To display the condition evaluation report re-run your application with 'debug' enabled.
17-06-2023 09:53:39.132 ERROR org.springframework.boot.diagnostics.LoggingFailureAnalysisReporter [restartedMain] 

***************************
APPLICATION FAILED TO START
***************************

Description:

A component required a bean named 'auditorProvider' that could not be found.


Action:

Consider defining a bean named 'auditorProvider' in your configuration.

17-06-2023 09:57:08.874 INFO tech.icei.web.api.appuno.AppUnoApplication [restartedMain] Starting AppUnoApplication using Java 19.0.2 with PID 5832 (D:\FULLSTACK\2023\SEGUNDO SEMESTRE\DEVOPS\BACKEND\app-uno\app-uno\build\classes\java\main started by Administrador in D:\FULLSTACK\2023\SEGUNDO SEMESTRE\DEVOPS\BACKEND\app-uno\app-uno)
17-06-2023 09:57:08.874 DEBUG tech.icei.web.api.appuno.AppUnoApplication [restartedMain] Running with Spring Boot v3.1.0, Spring v6.0.9
17-06-2023 09:57:08.875 INFO tech.icei.web.api.appuno.AppUnoApplication [restartedMain] No active profile set, falling back to 1 default profile: "default"
17-06-2023 09:57:08.922 INFO org.springframework.boot.devtools.env.DevToolsPropertyDefaultsPostProcessor [restartedMain] Devtools property defaults active! Set 'spring.devtools.add-properties' to 'false' to disable
17-06-2023 09:57:08.923 INFO org.springframework.boot.devtools.env.DevToolsPropertyDefaultsPostProcessor [restartedMain] For additional web related logging consider setting the 'logging.level.web' property to 'DEBUG'
17-06-2023 09:57:09.522 INFO org.springframework.data.repository.config.RepositoryConfigurationDelegate [restartedMain] Bootstrapping Spring Data JPA repositories in DEFAULT mode.
17-06-2023 09:57:09.563 INFO org.springframework.data.repository.config.RepositoryConfigurationDelegate [restartedMain] Finished Spring Data repository scanning in 35 ms. Found 1 JPA repository interfaces.
17-06-2023 09:57:09.996 INFO org.springframework.boot.web.embedded.tomcat.TomcatWebServer [restartedMain] Tomcat initialized with port(s): 9009 (http)
17-06-2023 09:57:10.003 INFO org.apache.catalina.core.StandardService [restartedMain] Starting service [Tomcat]
17-06-2023 09:57:10.003 INFO org.apache.catalina.core.StandardEngine [restartedMain] Starting Servlet engine: [Apache Tomcat/10.1.8]
17-06-2023 09:57:10.051 INFO org.apache.catalina.core.ContainerBase.[Tomcat].[localhost].[/] [restartedMain] Initializing Spring embedded WebApplicationContext
17-06-2023 09:57:10.051 INFO org.springframework.boot.web.servlet.context.ServletWebServerApplicationContext [restartedMain] Root WebApplicationContext: initialization completed in 1128 ms
17-06-2023 09:57:10.419 INFO org.springframework.orm.jpa.persistenceunit.SpringPersistenceUnitInfo [restartedMain] No LoadTimeWeaver setup: ignoring JPA class transformer
17-06-2023 09:57:10.432 INFO com.zaxxer.hikari.HikariDataSource [restartedMain] HikariPool-1 - Starting...
17-06-2023 09:57:10.658 INFO com.zaxxer.hikari.pool.HikariPool [restartedMain] HikariPool-1 - Added connection org.postgresql.jdbc.PgConnection@75095a1
17-06-2023 09:57:10.660 INFO com.zaxxer.hikari.HikariDataSource [restartedMain] HikariPool-1 - Start completed.
17-06-2023 09:57:11.426 INFO org.springframework.orm.jpa.LocalContainerEntityManagerFactoryBean [restartedMain] Initialized JPA EntityManagerFactory for persistence unit 'default'
17-06-2023 09:57:12.428 INFO org.springframework.boot.devtools.autoconfigure.OptionalLiveReloadServer [restartedMain] LiveReload server is running on port 35729
17-06-2023 09:57:12.463 INFO org.springframework.boot.web.embedded.tomcat.TomcatWebServer [restartedMain] Tomcat started on port(s): 9009 (http) with context path ''
17-06-2023 09:57:12.472 INFO tech.icei.web.api.appuno.AppUnoApplication [restartedMain] Started AppUnoApplication in 3.931 seconds (process running for 4.502)
17-06-2023 09:58:50.160 INFO org.apache.catalina.core.ContainerBase.[Tomcat].[localhost].[/] [http-nio-9009-exec-2] Initializing Spring DispatcherServlet 'dispatcherServlet'
17-06-2023 09:58:50.320 DEBUG tech.icei.web.api.appuno.controller.EmployeeController [http-nio-9009-exec-2] Listado completo de registros
17-06-2023 10:01:47.914 ERROR org.apache.catalina.core.ContainerBase.[Tomcat].[localhost].[/].[dispatcherServlet] [http-nio-9009-exec-5] Servlet.service() for servlet [dispatcherServlet] in context with path [] threw exception [Request processing failed: org.modelmapper.MappingException: ModelMapper mapping errors:

1) Converter org.modelmapper.internal.converter.NumberConverter@2f1daf29 failed to convert java.util.UUID to java.lang.Long.

1 error] with root cause
java.lang.NumberFormatException: For input string: "7741abcf-3651-48f9-8d3e-f69c373700e3"
	at java.base/java.lang.NumberFormatException.forInputString(NumberFormatException.java:67)
	at java.base/java.lang.Long.parseLong(Long.java:708)
	at java.base/java.lang.Long.valueOf(Long.java:1156)
	at org.modelmapper.internal.converter.NumberConverter.numberFor(NumberConverter.java:171)
	at org.modelmapper.internal.converter.NumberConverter.convert(NumberConverter.java:75)
	at org.modelmapper.internal.converter.NumberConverter.convert(NumberConverter.java:57)
	at org.modelmapper.internal.MappingEngineImpl.convert(MappingEngineImpl.java:306)
	at org.modelmapper.internal.MappingEngineImpl.map(MappingEngineImpl.java:109)
	at org.modelmapper.internal.MappingEngineImpl.setDestinationValue(MappingEngineImpl.java:245)
	at org.modelmapper.internal.MappingEngineImpl.propertyMap(MappingEngineImpl.java:187)
	at org.modelmapper.internal.MappingEngineImpl.typeMap(MappingEngineImpl.java:151)
	at org.modelmapper.internal.MappingEngineImpl.map(MappingEngineImpl.java:114)
	at org.modelmapper.internal.MappingEngineImpl.map(MappingEngineImpl.java:71)
	at org.modelmapper.ModelMapper.mapInternal(ModelMapper.java:589)
	at org.modelmapper.ModelMapper.map(ModelMapper.java:422)
	at tech.icei.web.api.appuno.controller.EmployeeController.saveEmployee(EmployeeController.java:80)
	at java.base/jdk.internal.reflect.DirectMethodHandleAccessor.invoke(DirectMethodHandleAccessor.java:104)
	at java.base/java.lang.reflect.Method.invoke(Method.java:578)
	at org.springframework.web.method.support.InvocableHandlerMethod.doInvoke(InvocableHandlerMethod.java:207)
	at org.springframework.web.method.support.InvocableHandlerMethod.invokeForRequest(InvocableHandlerMethod.java:152)
	at org.springframework.web.servlet.mvc.method.annotation.ServletInvocableHandlerMethod.invokeAndHandle(ServletInvocableHandlerMethod.java:118)
	at org.springframework.web.servlet.mvc.method.annotation.RequestMappingHandlerAdapter.invokeHandlerMethod(RequestMappingHandlerAdapter.java:884)
	at org.springframework.web.servlet.mvc.method.annotation.RequestMappingHandlerAdapter.handleInternal(RequestMappingHandlerAdapter.java:797)
	at org.springframework.web.servlet.mvc.method.AbstractHandlerMethodAdapter.handle(AbstractHandlerMethodAdapter.java:87)
	at org.springframework.web.servlet.DispatcherServlet.doDispatch(DispatcherServlet.java:1081)
	at org.springframework.web.servlet.DispatcherServlet.doService(DispatcherServlet.java:974)
	at org.springframework.web.servlet.FrameworkServlet.processRequest(FrameworkServlet.java:1011)
	at org.springframework.web.servlet.FrameworkServlet.doPost(FrameworkServlet.java:914)
	at jakarta.servlet.http.HttpServlet.service(HttpServlet.java:590)
	at org.springframework.web.servlet.FrameworkServlet.service(FrameworkServlet.java:885)
	at jakarta.servlet.http.HttpServlet.service(HttpServlet.java:658)
	at org.apache.catalina.core.ApplicationFilterChain.internalDoFilter(ApplicationFilterChain.java:205)
	at org.apache.catalina.core.ApplicationFilterChain.doFilter(ApplicationFilterChain.java:149)
	at org.apache.tomcat.websocket.server.WsFilter.doFilter(WsFilter.java:51)
	at org.apache.catalina.core.ApplicationFilterChain.internalDoFilter(ApplicationFilterChain.java:174)
	at org.apache.catalina.core.ApplicationFilterChain.doFilter(ApplicationFilterChain.java:149)
	at org.springframework.web.filter.RequestContextFilter.doFilterInternal(RequestContextFilter.java:100)
	at org.springframework.web.filter.OncePerRequestFilter.doFilter(OncePerRequestFilter.java:116)
	at org.apache.catalina.core.ApplicationFilterChain.internalDoFilter(ApplicationFilterChain.java:174)
	at org.apache.catalina.core.ApplicationFilterChain.doFilter(ApplicationFilterChain.java:149)
	at org.springframework.web.filter.FormContentFilter.doFilterInternal(FormContentFilter.java:93)
	at org.springframework.web.filter.OncePerRequestFilter.doFilter(OncePerRequestFilter.java:116)
	at org.apache.catalina.core.ApplicationFilterChain.internalDoFilter(ApplicationFilterChain.java:174)
	at org.apache.catalina.core.ApplicationFilterChain.doFilter(ApplicationFilterChain.java:149)
	at org.springframework.web.filter.CharacterEncodingFilter.doFilterInternal(CharacterEncodingFilter.java:201)
	at org.springframework.web.filter.OncePerRequestFilter.doFilter(OncePerRequestFilter.java:116)
	at org.apache.catalina.core.ApplicationFilterChain.internalDoFilter(ApplicationFilterChain.java:174)
	at org.apache.catalina.core.ApplicationFilterChain.doFilter(ApplicationFilterChain.java:149)
	at org.apache.catalina.core.StandardWrapperValve.invoke(StandardWrapperValve.java:166)
	at org.apache.catalina.core.StandardContextValve.invoke(StandardContextValve.java:90)
	at org.apache.catalina.authenticator.AuthenticatorBase.invoke(AuthenticatorBase.java:482)
	at org.apache.catalina.core.StandardHostValve.invoke(StandardHostValve.java:115)
	at org.apache.catalina.valves.ErrorReportValve.invoke(ErrorReportValve.java:93)
	at org.apache.catalina.core.StandardEngineValve.invoke(StandardEngineValve.java:74)
	at org.apache.catalina.connector.CoyoteAdapter.service(CoyoteAdapter.java:341)
	at org.apache.coyote.http11.Http11Processor.service(Http11Processor.java:390)
	at org.apache.coyote.AbstractProcessorLight.process(AbstractProcessorLight.java:63)
	at org.apache.coyote.AbstractProtocol$ConnectionHandler.process(AbstractProtocol.java:894)
	at org.apache.tomcat.util.net.NioEndpoint$SocketProcessor.doRun(NioEndpoint.java:1741)
	at org.apache.tomcat.util.net.SocketProcessorBase.run(SocketProcessorBase.java:52)
	at org.apache.tomcat.util.threads.ThreadPoolExecutor.runWorker(ThreadPoolExecutor.java:1191)
	at org.apache.tomcat.util.threads.ThreadPoolExecutor$Worker.run(ThreadPoolExecutor.java:659)
	at org.apache.tomcat.util.threads.TaskThread$WrappingRunnable.run(TaskThread.java:61)
	at java.base/java.lang.Thread.run(Thread.java:1589)
17-06-2023 10:01:57.864 INFO org.springframework.orm.jpa.LocalContainerEntityManagerFactoryBean [SpringApplicationShutdownHook] Closing JPA EntityManagerFactory for persistence unit 'default'
17-06-2023 10:01:57.867 INFO com.zaxxer.hikari.HikariDataSource [SpringApplicationShutdownHook] HikariPool-1 - Shutdown initiated...
17-06-2023 10:01:57.897 INFO com.zaxxer.hikari.HikariDataSource [SpringApplicationShutdownHook] HikariPool-1 - Shutdown completed.
17-06-2023 10:02:15.710 INFO tech.icei.web.api.appuno.AppUnoApplication [restartedMain] Starting AppUnoApplication using Java 19.0.2 with PID 6588 (D:\FULLSTACK\2023\SEGUNDO SEMESTRE\DEVOPS\BACKEND\app-uno\app-uno\build\classes\java\main started by Administrador in D:\FULLSTACK\2023\SEGUNDO SEMESTRE\DEVOPS\BACKEND\app-uno\app-uno)
17-06-2023 10:02:15.711 DEBUG tech.icei.web.api.appuno.AppUnoApplication [restartedMain] Running with Spring Boot v3.1.0, Spring v6.0.9
17-06-2023 10:02:15.711 INFO tech.icei.web.api.appuno.AppUnoApplication [restartedMain] No active profile set, falling back to 1 default profile: "default"
17-06-2023 10:02:15.758 INFO org.springframework.boot.devtools.env.DevToolsPropertyDefaultsPostProcessor [restartedMain] Devtools property defaults active! Set 'spring.devtools.add-properties' to 'false' to disable
17-06-2023 10:02:15.758 INFO org.springframework.boot.devtools.env.DevToolsPropertyDefaultsPostProcessor [restartedMain] For additional web related logging consider setting the 'logging.level.web' property to 'DEBUG'
17-06-2023 10:02:16.386 INFO org.springframework.data.repository.config.RepositoryConfigurationDelegate [restartedMain] Bootstrapping Spring Data JPA repositories in DEFAULT mode.
17-06-2023 10:02:16.425 INFO org.springframework.data.repository.config.RepositoryConfigurationDelegate [restartedMain] Finished Spring Data repository scanning in 33 ms. Found 1 JPA repository interfaces.
17-06-2023 10:02:16.842 INFO org.springframework.boot.web.embedded.tomcat.TomcatWebServer [restartedMain] Tomcat initialized with port(s): 9009 (http)
17-06-2023 10:02:16.849 INFO org.apache.catalina.core.StandardService [restartedMain] Starting service [Tomcat]
17-06-2023 10:02:16.849 INFO org.apache.catalina.core.StandardEngine [restartedMain] Starting Servlet engine: [Apache Tomcat/10.1.8]
17-06-2023 10:02:16.898 INFO org.apache.catalina.core.ContainerBase.[Tomcat].[localhost].[/] [restartedMain] Initializing Spring embedded WebApplicationContext
17-06-2023 10:02:16.898 INFO org.springframework.boot.web.servlet.context.ServletWebServerApplicationContext [restartedMain] Root WebApplicationContext: initialization completed in 1139 ms
17-06-2023 10:02:17.262 INFO org.springframework.orm.jpa.persistenceunit.SpringPersistenceUnitInfo [restartedMain] No LoadTimeWeaver setup: ignoring JPA class transformer
17-06-2023 10:02:17.274 INFO com.zaxxer.hikari.HikariDataSource [restartedMain] HikariPool-1 - Starting...
17-06-2023 10:02:17.479 INFO com.zaxxer.hikari.pool.HikariPool [restartedMain] HikariPool-1 - Added connection org.postgresql.jdbc.PgConnection@7c695cf6
17-06-2023 10:02:17.481 INFO com.zaxxer.hikari.HikariDataSource [restartedMain] HikariPool-1 - Start completed.
17-06-2023 10:02:18.284 INFO org.springframework.orm.jpa.LocalContainerEntityManagerFactoryBean [restartedMain] Initialized JPA EntityManagerFactory for persistence unit 'default'
17-06-2023 10:02:19.276 INFO org.springframework.boot.devtools.autoconfigure.OptionalLiveReloadServer [restartedMain] LiveReload server is running on port 35729
17-06-2023 10:02:19.305 INFO org.springframework.boot.web.embedded.tomcat.TomcatWebServer [restartedMain] Tomcat started on port(s): 9009 (http) with context path ''
17-06-2023 10:02:19.313 INFO tech.icei.web.api.appuno.AppUnoApplication [restartedMain] Started AppUnoApplication in 3.932 seconds (process running for 4.461)
17-06-2023 10:02:27.540 INFO org.apache.catalina.core.ContainerBase.[Tomcat].[localhost].[/] [http-nio-9009-exec-1] Initializing Spring DispatcherServlet 'dispatcherServlet'
17-06-2023 10:02:27.734 DEBUG tech.icei.web.api.appuno.controller.EmployeeController [http-nio-9009-exec-1] Registro guardado exitosamente
17-06-2023 10:03:31.909 DEBUG tech.icei.web.api.appuno.controller.EmployeeController [http-nio-9009-exec-5] Registro guardado exitosamente
17-06-2023 10:03:41.040 DEBUG tech.icei.web.api.appuno.controller.EmployeeController [http-nio-9009-exec-6] Listado completo de registros
17-06-2023 10:04:34.842 DEBUG tech.icei.web.api.appuno.controller.EmployeeController [http-nio-9009-exec-7] Registro guardado exitosamente
17-06-2023 10:04:46.098 DEBUG tech.icei.web.api.appuno.controller.EmployeeController [http-nio-9009-exec-8] Listado completo de registros
17-06-2023 10:06:43.625 DEBUG tech.icei.web.api.appuno.controller.EmployeeController [http-nio-9009-exec-3] Listado completo de registros
17-06-2023 10:07:14.883 ERROR org.apache.catalina.core.ContainerBase.[Tomcat].[localhost].[/].[dispatcherServlet] [http-nio-9009-exec-1] Servlet.service() for servlet [dispatcherServlet] in context with path [] threw exception [Request processing failed: java.lang.IllegalStateException: Ambiguous handler methods mapped for '/api/v1/fullstack/employees/true': {public org.springframework.http.ResponseEntity tech.icei.web.api.appuno.controller.EmployeeController.findEmployeeByID(java.util.UUID), public org.springframework.http.ResponseEntity tech.icei.web.api.appuno.controller.EmployeeController.findAllEnabledEmployees(boolean)}] with root cause
java.lang.IllegalStateException: Ambiguous handler methods mapped for '/api/v1/fullstack/employees/true': {public org.springframework.http.ResponseEntity tech.icei.web.api.appuno.controller.EmployeeController.findEmployeeByID(java.util.UUID), public org.springframework.http.ResponseEntity tech.icei.web.api.appuno.controller.EmployeeController.findAllEnabledEmployees(boolean)}
	at org.springframework.web.servlet.handler.AbstractHandlerMethodMapping.lookupHandlerMethod(AbstractHandlerMethodMapping.java:431)
	at org.springframework.web.servlet.handler.AbstractHandlerMethodMapping.getHandlerInternal(AbstractHandlerMethodMapping.java:382)
	at org.springframework.web.servlet.mvc.method.RequestMappingInfoHandlerMapping.getHandlerInternal(RequestMappingInfoHandlerMapping.java:126)
	at org.springframework.web.servlet.mvc.method.RequestMappingInfoHandlerMapping.getHandlerInternal(RequestMappingInfoHandlerMapping.java:68)
	at org.springframework.web.servlet.handler.AbstractHandlerMapping.getHandler(AbstractHandlerMapping.java:505)
	at org.springframework.web.servlet.DispatcherServlet.getHandler(DispatcherServlet.java:1275)
	at org.springframework.web.servlet.DispatcherServlet.doDispatch(DispatcherServlet.java:1057)
	at org.springframework.web.servlet.DispatcherServlet.doService(DispatcherServlet.java:974)
	at org.springframework.web.servlet.FrameworkServlet.processRequest(FrameworkServlet.java:1011)
	at org.springframework.web.servlet.FrameworkServlet.doGet(FrameworkServlet.java:903)
	at jakarta.servlet.http.HttpServlet.service(HttpServlet.java:564)
	at org.springframework.web.servlet.FrameworkServlet.service(FrameworkServlet.java:885)
	at jakarta.servlet.http.HttpServlet.service(HttpServlet.java:658)
	at org.apache.catalina.core.ApplicationFilterChain.internalDoFilter(ApplicationFilterChain.java:205)
	at org.apache.catalina.core.ApplicationFilterChain.doFilter(ApplicationFilterChain.java:149)
	at org.apache.tomcat.websocket.server.WsFilter.doFilter(WsFilter.java:51)
	at org.apache.catalina.core.ApplicationFilterChain.internalDoFilter(ApplicationFilterChain.java:174)
	at org.apache.catalina.core.ApplicationFilterChain.doFilter(ApplicationFilterChain.java:149)
	at org.springframework.web.filter.RequestContextFilter.doFilterInternal(RequestContextFilter.java:100)
	at org.springframework.web.filter.OncePerRequestFilter.doFilter(OncePerRequestFilter.java:116)
	at org.apache.catalina.core.ApplicationFilterChain.internalDoFilter(ApplicationFilterChain.java:174)
	at org.apache.catalina.core.ApplicationFilterChain.doFilter(ApplicationFilterChain.java:149)
	at org.springframework.web.filter.FormContentFilter.doFilterInternal(FormContentFilter.java:93)
	at org.springframework.web.filter.OncePerRequestFilter.doFilter(OncePerRequestFilter.java:116)
	at org.apache.catalina.core.ApplicationFilterChain.internalDoFilter(ApplicationFilterChain.java:174)
	at org.apache.catalina.core.ApplicationFilterChain.doFilter(ApplicationFilterChain.java:149)
	at org.springframework.web.filter.CharacterEncodingFilter.doFilterInternal(CharacterEncodingFilter.java:201)
	at org.springframework.web.filter.OncePerRequestFilter.doFilter(OncePerRequestFilter.java:116)
	at org.apache.catalina.core.ApplicationFilterChain.internalDoFilter(ApplicationFilterChain.java:174)
	at org.apache.catalina.core.ApplicationFilterChain.doFilter(ApplicationFilterChain.java:149)
	at org.apache.catalina.core.StandardWrapperValve.invoke(StandardWrapperValve.java:166)
	at org.apache.catalina.core.StandardContextValve.invoke(StandardContextValve.java:90)
	at org.apache.catalina.authenticator.AuthenticatorBase.invoke(AuthenticatorBase.java:482)
	at org.apache.catalina.core.StandardHostValve.invoke(StandardHostValve.java:115)
	at org.apache.catalina.valves.ErrorReportValve.invoke(ErrorReportValve.java:93)
	at org.apache.catalina.core.StandardEngineValve.invoke(StandardEngineValve.java:74)
	at org.apache.catalina.connector.CoyoteAdapter.service(CoyoteAdapter.java:341)
	at org.apache.coyote.http11.Http11Processor.service(Http11Processor.java:390)
	at org.apache.coyote.AbstractProcessorLight.process(AbstractProcessorLight.java:63)
	at org.apache.coyote.AbstractProtocol$ConnectionHandler.process(AbstractProtocol.java:894)
	at org.apache.tomcat.util.net.NioEndpoint$SocketProcessor.doRun(NioEndpoint.java:1741)
	at org.apache.tomcat.util.net.SocketProcessorBase.run(SocketProcessorBase.java:52)
	at org.apache.tomcat.util.threads.ThreadPoolExecutor.runWorker(ThreadPoolExecutor.java:1191)
	at org.apache.tomcat.util.threads.ThreadPoolExecutor$Worker.run(ThreadPoolExecutor.java:659)
	at org.apache.tomcat.util.threads.TaskThread$WrappingRunnable.run(TaskThread.java:61)
	at java.base/java.lang.Thread.run(Thread.java:1589)
17-06-2023 10:10:57.635 INFO org.springframework.orm.jpa.LocalContainerEntityManagerFactoryBean [SpringApplicationShutdownHook] Closing JPA EntityManagerFactory for persistence unit 'default'
17-06-2023 10:10:57.638 INFO com.zaxxer.hikari.HikariDataSource [SpringApplicationShutdownHook] HikariPool-1 - Shutdown initiated...
17-06-2023 10:10:57.673 INFO com.zaxxer.hikari.HikariDataSource [SpringApplicationShutdownHook] HikariPool-1 - Shutdown completed.
17-06-2023 10:11:57.705 INFO tech.icei.web.api.appuno.AppUnoApplication [restartedMain] Starting AppUnoApplication using Java 19.0.2 with PID 14636 (D:\FULLSTACK\2023\SEGUNDO SEMESTRE\DEVOPS\BACKEND\app-uno\app-uno\build\classes\java\main started by Administrador in D:\FULLSTACK\2023\SEGUNDO SEMESTRE\DEVOPS\BACKEND\app-uno\app-uno)
17-06-2023 10:11:57.707 DEBUG tech.icei.web.api.appuno.AppUnoApplication [restartedMain] Running with Spring Boot v3.1.0, Spring v6.0.9
17-06-2023 10:11:57.707 INFO tech.icei.web.api.appuno.AppUnoApplication [restartedMain] No active profile set, falling back to 1 default profile: "default"
17-06-2023 10:11:57.752 INFO org.springframework.boot.devtools.env.DevToolsPropertyDefaultsPostProcessor [restartedMain] Devtools property defaults active! Set 'spring.devtools.add-properties' to 'false' to disable
17-06-2023 10:11:57.752 INFO org.springframework.boot.devtools.env.DevToolsPropertyDefaultsPostProcessor [restartedMain] For additional web related logging consider setting the 'logging.level.web' property to 'DEBUG'
17-06-2023 10:11:58.374 INFO org.springframework.data.repository.config.RepositoryConfigurationDelegate [restartedMain] Bootstrapping Spring Data JPA repositories in DEFAULT mode.
17-06-2023 10:11:58.413 INFO org.springframework.data.repository.config.RepositoryConfigurationDelegate [restartedMain] Finished Spring Data repository scanning in 34 ms. Found 1 JPA repository interfaces.
17-06-2023 10:11:58.870 INFO org.springframework.boot.web.embedded.tomcat.TomcatWebServer [restartedMain] Tomcat initialized with port(s): 9009 (http)
17-06-2023 10:11:58.878 INFO org.apache.catalina.core.StandardService [restartedMain] Starting service [Tomcat]
17-06-2023 10:11:58.878 INFO org.apache.catalina.core.StandardEngine [restartedMain] Starting Servlet engine: [Apache Tomcat/10.1.8]
17-06-2023 10:11:58.922 INFO org.apache.catalina.core.ContainerBase.[Tomcat].[localhost].[/] [restartedMain] Initializing Spring embedded WebApplicationContext
17-06-2023 10:11:58.923 INFO org.springframework.boot.web.servlet.context.ServletWebServerApplicationContext [restartedMain] Root WebApplicationContext: initialization completed in 1171 ms
17-06-2023 10:11:59.298 INFO org.springframework.orm.jpa.persistenceunit.SpringPersistenceUnitInfo [restartedMain] No LoadTimeWeaver setup: ignoring JPA class transformer
17-06-2023 10:11:59.312 INFO com.zaxxer.hikari.HikariDataSource [restartedMain] HikariPool-1 - Starting...
17-06-2023 10:11:59.577 INFO com.zaxxer.hikari.pool.HikariPool [restartedMain] HikariPool-1 - Added connection org.postgresql.jdbc.PgConnection@42add789
17-06-2023 10:11:59.579 INFO com.zaxxer.hikari.HikariDataSource [restartedMain] HikariPool-1 - Start completed.
17-06-2023 10:12:00.813 INFO org.springframework.orm.jpa.LocalContainerEntityManagerFactoryBean [restartedMain] Initialized JPA EntityManagerFactory for persistence unit 'default'
17-06-2023 10:12:01.805 INFO org.springframework.boot.devtools.autoconfigure.OptionalLiveReloadServer [restartedMain] LiveReload server is running on port 35729
17-06-2023 10:12:01.834 INFO org.springframework.boot.web.embedded.tomcat.TomcatWebServer [restartedMain] Tomcat started on port(s): 9009 (http) with context path ''
17-06-2023 10:12:01.843 INFO tech.icei.web.api.appuno.AppUnoApplication [restartedMain] Started AppUnoApplication in 4.476 seconds (process running for 5.037)
17-06-2023 10:12:11.979 INFO org.apache.catalina.core.ContainerBase.[Tomcat].[localhost].[/] [http-nio-9009-exec-2] Initializing Spring DispatcherServlet 'dispatcherServlet'
17-06-2023 10:12:12.136 DEBUG tech.icei.web.api.appuno.controller.EmployeeController [http-nio-9009-exec-2] Listado de registros habilitados
17-06-2023 10:13:24.704 DEBUG tech.icei.web.api.appuno.controller.EmployeeController [http-nio-9009-exec-5] Registro actualizado exitosamente
17-06-2023 10:13:56.558 DEBUG tech.icei.web.api.appuno.controller.EmployeeController [http-nio-9009-exec-6] Registro actualizado exitosamente
17-06-2023 10:14:32.373 DEBUG tech.icei.web.api.appuno.controller.EmployeeController [http-nio-9009-exec-7] Un registro
17-06-2023 10:14:50.623 DEBUG tech.icei.web.api.appuno.controller.EmployeeController [http-nio-9009-exec-8] Registro eliminado
17-06-2023 10:15:06.236 DEBUG tech.icei.web.api.appuno.controller.EmployeeController [http-nio-9009-exec-10] Listado completo de registros
17-06-2023 10:15:33.463 DEBUG tech.icei.web.api.appuno.controller.EmployeeController [http-nio-9009-exec-9] Listado de registros habilitados
17-06-2023 10:17:04.064 INFO org.springdoc.api.AbstractOpenApiResource [http-nio-9009-exec-2] Init duration for springdoc-openapi is: 182 ms
17-06-2023 10:17:24.557 DEBUG tech.icei.web.api.appuno.controller.EmployeeController [http-nio-9009-exec-3] Listado de registros habilitados
17-06-2023 10:17:27.456 DEBUG tech.icei.web.api.appuno.controller.EmployeeController [http-nio-9009-exec-4] Listado de registros habilitados
17-06-2023 10:18:23.475 DEBUG tech.icei.web.api.appuno.controller.EmployeeController [http-nio-9009-exec-9] Registro guardado exitosamente
17-06-2023 10:18:48.167 DEBUG tech.icei.web.api.appuno.controller.EmployeeController [http-nio-9009-exec-2] Listado de registros habilitados
17-06-2023 10:19:29.552 DEBUG tech.icei.web.api.appuno.controller.EmployeeController [http-nio-9009-exec-4] Registro eliminado
17-06-2023 10:19:45.050 DEBUG tech.icei.web.api.appuno.controller.EmployeeController [http-nio-9009-exec-6] Listado de registros habilitados
17-06-2023 10:30:56.528 INFO org.springframework.orm.jpa.LocalContainerEntityManagerFactoryBean [SpringApplicationShutdownHook] Closing JPA EntityManagerFactory for persistence unit 'default'
17-06-2023 10:30:56.530 INFO com.zaxxer.hikari.HikariDataSource [SpringApplicationShutdownHook] HikariPool-1 - Shutdown initiated...
17-06-2023 10:30:56.559 INFO com.zaxxer.hikari.HikariDataSource [SpringApplicationShutdownHook] HikariPool-1 - Shutdown completed.
